<?xml version="1.0" encoding="UTF-8"?>
<!-- Generated by org.testng.reporters.JUnitReportReporter -->
<testsuite hostname="DESKTOP-FMCFGK5" failures="0" tests="17" name="VendorCreationModule.VendorCreationMduleCovergae" time="244.527" errors="2" timestamp="2024-10-25T15:33:22 IST" skipped="0">
  <testcase classname="VendorCreationModule.VendorCreationMduleCovergae" name="case1" time="8.217"/>
  <testcase classname="VendorCreationModule.VendorCreationMduleCovergae" name="case2" time="6.504"/>
  <testcase classname="VendorCreationModule.VendorCreationMduleCovergae" name="case3" time="8.453"/>
  <testcase classname="VendorCreationModule.VendorCreationMduleCovergae" name="case4" time="8.489"/>
  <testcase classname="VendorCreationModule.VendorCreationMduleCovergae" name="case5" time="8.026"/>
  <testcase classname="VendorCreationModule.VendorCreationMduleCovergae" name="case6" time="7.201"/>
  <testcase classname="VendorCreationModule.VendorCreationMduleCovergae" name="case7" time="8.471"/>
  <testcase classname="VendorCreationModule.VendorCreationMduleCovergae" name="case8" time="12.863"/>
  <testcase classname="VendorCreationModule.VendorCreationMduleCovergae" name="case9" time="9.761">
    <error message="You may not select an option in disabled select" type="java.lang.UnsupportedOperationException">
      <![CDATA[java.lang.UnsupportedOperationException: You may not select an option in disabled select
at org.openqa.selenium.support.ui.Select.assertSelectIsEnabled(Select.java:327)
at org.openqa.selenium.support.ui.Select.selectByValue(Select.java:193)
at VendorCreationModule.VendorCreationMduleCovergae.case9(VendorCreationMduleCovergae.java:306)
at java.base/jdk.internal.reflect.DirectMethodHandleAccessor.invoke(DirectMethodHandleAccessor.java:103)
at java.base/java.lang.reflect.Method.invoke(Method.java:580)
at org.testng.internal.invokers.MethodInvocationHelper.invokeMethod(MethodInvocationHelper.java:139)
at org.testng.internal.invokers.TestInvoker.invokeMethod(TestInvoker.java:664)
at org.testng.internal.invokers.TestInvoker.invokeTestMethod(TestInvoker.java:227)
at org.testng.internal.invokers.MethodRunner.runInSequence(MethodRunner.java:50)
at org.testng.internal.invokers.TestInvoker$MethodInvocationAgent.invoke(TestInvoker.java:957)
at org.testng.internal.invokers.TestInvoker.invokeTestMethods(TestInvoker.java:200)
at org.testng.internal.invokers.TestMethodWorker.invokeTestMethods(TestMethodWorker.java:148)
at org.testng.internal.invokers.TestMethodWorker.run(TestMethodWorker.java:128)
at java.base/java.util.ArrayList.forEach(ArrayList.java:1596)
at org.testng.TestRunner.privateRun(TestRunner.java:848)
at org.testng.TestRunner.run(TestRunner.java:621)
at org.testng.SuiteRunner.runTest(SuiteRunner.java:443)
at org.testng.SuiteRunner.runSequentially(SuiteRunner.java:437)
at org.testng.SuiteRunner.privateRun(SuiteRunner.java:397)
at org.testng.SuiteRunner.run(SuiteRunner.java:336)
at org.testng.SuiteRunnerWorker.runSuite(SuiteRunnerWorker.java:52)
at org.testng.SuiteRunnerWorker.run(SuiteRunnerWorker.java:95)
at org.testng.TestNG.runSuitesSequentially(TestNG.java:1280)
at org.testng.TestNG.runSuitesLocally(TestNG.java:1200)
at org.testng.TestNG.runSuites(TestNG.java:1114)
at org.testng.TestNG.run(TestNG.java:1082)
at org.testng.remote.AbstractRemoteTestNG.run(AbstractRemoteTestNG.java:115)
at org.testng.remote.RemoteTestNG.initAndRun(RemoteTestNG.java:293)
at org.testng.remote.RemoteTestNG.main(RemoteTestNG.java:91)
]]>
    </error>
  </testcase> <!-- case9 -->
  <testcase classname="VendorCreationModule.VendorCreationMduleCovergae" name="case10" time="7.860"/>
  <testcase classname="VendorCreationModule.VendorCreationMduleCovergae" name="case11" time="18.887"/>
  <testcase classname="VendorCreationModule.VendorCreationMduleCovergae" name="case12" time="7.959"/>
  <testcase classname="VendorCreationModule.VendorCreationMduleCovergae" name="case13" time="7.158">
    <error message="You may not select an option in disabled select" type="java.lang.UnsupportedOperationException">
      <![CDATA[java.lang.UnsupportedOperationException: You may not select an option in disabled select
at org.openqa.selenium.support.ui.Select.assertSelectIsEnabled(Select.java:327)
at org.openqa.selenium.support.ui.Select.selectByValue(Select.java:193)
at VendorCreationModule.VendorCreationMduleCovergae.case13(VendorCreationMduleCovergae.java:509)
at java.base/jdk.internal.reflect.DirectMethodHandleAccessor.invoke(DirectMethodHandleAccessor.java:103)
at java.base/java.lang.reflect.Method.invoke(Method.java:580)
at org.testng.internal.invokers.MethodInvocationHelper.invokeMethod(MethodInvocationHelper.java:139)
at org.testng.internal.invokers.TestInvoker.invokeMethod(TestInvoker.java:664)
at org.testng.internal.invokers.TestInvoker.invokeTestMethod(TestInvoker.java:227)
at org.testng.internal.invokers.MethodRunner.runInSequence(MethodRunner.java:50)
at org.testng.internal.invokers.TestInvoker$MethodInvocationAgent.invoke(TestInvoker.java:957)
at org.testng.internal.invokers.TestInvoker.invokeTestMethods(TestInvoker.java:200)
at org.testng.internal.invokers.TestMethodWorker.invokeTestMethods(TestMethodWorker.java:148)
at org.testng.internal.invokers.TestMethodWorker.run(TestMethodWorker.java:128)
at java.base/java.util.ArrayList.forEach(ArrayList.java:1596)
at org.testng.TestRunner.privateRun(TestRunner.java:848)
at org.testng.TestRunner.run(TestRunner.java:621)
at org.testng.SuiteRunner.runTest(SuiteRunner.java:443)
at org.testng.SuiteRunner.runSequentially(SuiteRunner.java:437)
at org.testng.SuiteRunner.privateRun(SuiteRunner.java:397)
at org.testng.SuiteRunner.run(SuiteRunner.java:336)
at org.testng.SuiteRunnerWorker.runSuite(SuiteRunnerWorker.java:52)
at org.testng.SuiteRunnerWorker.run(SuiteRunnerWorker.java:95)
at org.testng.TestNG.runSuitesSequentially(TestNG.java:1280)
at org.testng.TestNG.runSuitesLocally(TestNG.java:1200)
at org.testng.TestNG.runSuites(TestNG.java:1114)
at org.testng.TestNG.run(TestNG.java:1082)
at org.testng.remote.AbstractRemoteTestNG.run(AbstractRemoteTestNG.java:115)
at org.testng.remote.RemoteTestNG.initAndRun(RemoteTestNG.java:293)
at org.testng.remote.RemoteTestNG.main(RemoteTestNG.java:91)
]]>
    </error>
  </testcase> <!-- case13 -->
  <testcase classname="VendorCreationModule.VendorCreationMduleCovergae" name="case14" time="16.463"/>
  <testcase classname="VendorCreationModule.VendorCreationMduleCovergae" name="case15" time="37.969"/>
  <testcase classname="VendorCreationModule.VendorCreationMduleCovergae" name="case16" time="54.005"/>
  <testcase classname="VendorCreationModule.VendorCreationMduleCovergae" name="case17" time="16.241"/>
</testsuite> <!-- VendorCreationModule.VendorCreationMduleCovergae -->
